{"contracts/Funding.sol":{"l":{"13":16,"14":16,"15":16,"19":5,"20":3,"24":3,"25":1,"28":5,"29":3,"33":15,"34":13,"38":7,"39":5,"43":3,"44":3,"46":1,"47":1,"51":8,"55":1,"59":24,"63":13,"64":13},"path":"/Users/ae0h/truff_ENV/contracts/Funding.sol","s":{"1":16,"2":16,"3":16,"4":5,"5":3,"6":5,"7":15,"8":7,"9":3,"10":3,"11":1,"12":1,"13":8,"14":1,"15":24,"16":13,"17":13},"b":{"1":[3,2],"2":[1,2],"3":[3,2],"4":[13,2],"5":[5,2],"6":[1,2]},"f":{"1":16,"2":5,"3":3,"4":5,"5":15,"6":7,"7":3,"8":8,"9":1,"10":24,"11":13},"fnMap":{"1":{"name":"constructor","line":12,"loc":{"start":{"line":12,"column":4},"end":{"line":16,"column":4}}},"2":{"name":"onlyOwner","line":18,"loc":{"start":{"line":18,"column":4},"end":{"line":21,"column":4}}},"3":{"name":"onlyFunded","line":23,"loc":{"start":{"line":23,"column":4},"end":{"line":26,"column":4}}},"4":{"name":"onlyNotFunded","line":27,"loc":{"start":{"line":27,"column":5},"end":{"line":30,"column":4}}},"5":{"name":"onlyNotFinished","line":32,"loc":{"start":{"line":32,"column":4},"end":{"line":35,"column":4}}},"6":{"name":"onlyFinished","line":37,"loc":{"start":{"line":37,"column":4},"end":{"line":40,"column":4}}},"7":{"name":"refund","line":42,"loc":{"start":{"line":42,"column":4},"end":{"line":48,"column":4}}},"8":{"name":"isFunded","line":50,"loc":{"start":{"line":50,"column":4},"end":{"line":52,"column":4}}},"9":{"name":"withdraw","line":54,"loc":{"start":{"line":54,"column":4},"end":{"line":56,"column":4}}},"10":{"name":"isFinished","line":58,"loc":{"start":{"line":58,"column":4},"end":{"line":60,"column":4}}},"11":{"name":"donate","line":62,"loc":{"start":{"line":62,"column":4},"end":{"line":65,"column":4}}}},"statementMap":{"1":{"start":{"line":13,"column":8},"end":{"line":13,"column":34}},"2":{"start":{"line":14,"column":8},"end":{"line":14,"column":47}},"3":{"start":{"line":15,"column":8},"end":{"line":15,"column":18}},"4":{"start":{"line":19,"column":8},"end":{"line":19,"column":65}},"5":{"start":{"line":24,"column":8},"end":{"line":24,"column":26}},"6":{"start":{"line":28,"column":8},"end":{"line":28,"column":27}},"7":{"start":{"line":33,"column":8},"end":{"line":33,"column":29}},"8":{"start":{"line":38,"column":8},"end":{"line":38,"column":28}},"9":{"start":{"line":43,"column":8},"end":{"line":43,"column":42}},"10":{"start":{"line":44,"column":8},"end":{"line":44,"column":26}},"11":{"start":{"line":46,"column":8},"end":{"line":46,"column":31}},"12":{"start":{"line":47,"column":8},"end":{"line":47,"column":43}},"13":{"start":{"line":51,"column":8},"end":{"line":51,"column":29}},"14":{"start":{"line":55,"column":8},"end":{"line":55,"column":44}},"15":{"start":{"line":59,"column":8},"end":{"line":59,"column":44}},"16":{"start":{"line":63,"column":8},"end":{"line":63,"column":40}},"17":{"start":{"line":64,"column":8},"end":{"line":64,"column":26}}},"branchMap":{"1":{"line":19,"type":"if","locations":[{"start":{"line":19,"column":8},"end":{"line":19,"column":8}},{"start":{"line":19,"column":8},"end":{"line":19,"column":8}}]},"2":{"line":24,"type":"if","locations":[{"start":{"line":24,"column":8},"end":{"line":24,"column":8}},{"start":{"line":24,"column":8},"end":{"line":24,"column":8}}]},"3":{"line":28,"type":"if","locations":[{"start":{"line":28,"column":8},"end":{"line":28,"column":8}},{"start":{"line":28,"column":8},"end":{"line":28,"column":8}}]},"4":{"line":33,"type":"if","locations":[{"start":{"line":33,"column":8},"end":{"line":33,"column":8}},{"start":{"line":33,"column":8},"end":{"line":33,"column":8}}]},"5":{"line":38,"type":"if","locations":[{"start":{"line":38,"column":8},"end":{"line":38,"column":8}},{"start":{"line":38,"column":8},"end":{"line":38,"column":8}}]},"6":{"line":44,"type":"if","locations":[{"start":{"line":44,"column":8},"end":{"line":44,"column":8}},{"start":{"line":44,"column":8},"end":{"line":44,"column":8}}]}}}}