TN:
SF:/Users/ae0h/truff_ENV/contracts/Funding.sol
FN:12,constructor
FN:18,onlyOwner
FN:23,onlyFunded
FN:27,onlyNotFunded
FN:32,onlyNotFinished
FN:37,onlyFinished
FN:42,refund
FN:50,isFunded
FN:54,withdraw
FN:58,isFinished
FN:62,donate
FNF:11
FNH:11
FNDA:16,constructor
FNDA:5,onlyOwner
FNDA:3,onlyFunded
FNDA:5,onlyNotFunded
FNDA:15,onlyNotFinished
FNDA:7,onlyFinished
FNDA:3,refund
FNDA:8,isFunded
FNDA:1,withdraw
FNDA:24,isFinished
FNDA:13,donate
DA:13,16
DA:14,16
DA:15,16
DA:19,5
DA:20,3
DA:24,3
DA:25,1
DA:28,5
DA:29,3
DA:33,15
DA:34,13
DA:38,7
DA:39,5
DA:43,3
DA:44,3
DA:46,1
DA:47,1
DA:51,8
DA:55,1
DA:59,24
DA:63,13
DA:64,13
LF:22
LH:22
BRDA:19,1,0,3
BRDA:19,1,1,2
BRDA:24,2,0,1
BRDA:24,2,1,2
BRDA:28,3,0,3
BRDA:28,3,1,2
BRDA:33,4,0,13
BRDA:33,4,1,2
BRDA:38,5,0,5
BRDA:38,5,1,2
BRDA:44,6,0,1
BRDA:44,6,1,2
BRF:12
BRH:12
end_of_record
